2023-07-17 07:56:46,287 INFO    com.simplilearn.Demo10.AppTest - Get AccessToken Information
2023-07-17 07:56:47,439 INFO    com.simplilearn.Demo10.AppTest - Delete a Records
2023-07-17 07:56:47,508 INFO    com.simplilearn.Demo10.AppTest - Get Restaurant Data
2023-07-17 07:56:47,543 INFO    com.simplilearn.Demo10.AppTest - data is checked and result published
2023-07-17 07:56:47,555 INFO    com.simplilearn.Demo10.AppTest - Rechange the Data
2023-07-17 07:56:47,560 INFO    com.simplilearn.Demo10.AppTest - {"familyId":"3","cost":"30","name":"Product021"}
2023-07-17 07:56:47,655 INFO    com.simplilearn.Demo10.AppTest - data saved and transaction over
2023-07-17 07:56:47,662 INFO    com.simplilearn.Demo10.AppTest - Created a restaurant Data
2023-07-17 07:56:47,662 INFO    com.simplilearn.Demo10.AppTest - {"familyId":"80","cost":"40","quantity":"2000","locationId":"7","name":"Product0009"}
2023-07-17 07:56:47,703 INFO    com.simplilearn.Demo10.AppTest - data saved and transaction over
2023-07-17 07:56:47,709 INFO    com.simplilearn.Demo10.AppTest - Update a  Information
2023-07-17 07:56:47,709 INFO    com.simplilearn.Demo10.AppTest - {"familyId":"5","cost":"30","quantity":"3000","locationId":"3","name":"Product0012"}
2023-07-17 07:59:10,595 INFO    com.simplilearn.Demo10.AppTest - Get AccessToken Information
2023-07-17 07:59:11,885 INFO    com.simplilearn.Demo10.AppTest - Delete a Records
2023-07-17 07:59:11,978 INFO    com.simplilearn.Demo10.AppTest - Get Restaurant Data
2023-07-17 07:59:12,018 INFO    com.simplilearn.Demo10.AppTest - data is checked and result published
2023-07-17 07:59:12,022 INFO    com.simplilearn.Demo10.AppTest - Rechange the Data
2023-07-17 07:59:12,026 INFO    com.simplilearn.Demo10.AppTest - {"familyId":"3","cost":"30","name":"Product021"}
2023-07-17 07:59:12,063 INFO    com.simplilearn.Demo10.AppTest - data saved and transaction over
2023-07-17 07:59:12,070 INFO    com.simplilearn.Demo10.AppTest - Created a restaurant Data
2023-07-17 07:59:12,071 INFO    com.simplilearn.Demo10.AppTest - {"familyId":"80","cost":"40","quantity":"2000","locationId":"7","name":"Product0009"}
2023-07-17 07:59:12,107 INFO    com.simplilearn.Demo10.AppTest - data saved and transaction over
2023-07-17 07:59:12,115 INFO    com.simplilearn.Demo10.AppTest - Update a  Information
2023-07-17 07:59:12,115 INFO    com.simplilearn.Demo10.AppTest - {"familyId":"5","cost":"30","quantity":"3000","locationId":"3","name":"Product0012"}
2023-07-17 08:06:03,302 INFO    com.simplilearn.Demo10.AppTest - Get AccessToken Information
2023-07-17 08:06:04,436 INFO    com.simplilearn.Demo10.AppTest - Delete a Records
2023-07-17 08:06:04,562 INFO    com.simplilearn.Demo10.AppTest - Get Restaurant Data
2023-07-17 08:06:04,590 INFO    com.simplilearn.Demo10.AppTest - data is checked and result published
2023-07-17 08:06:04,594 INFO    com.simplilearn.Demo10.AppTest - Rechange the Data
2023-07-17 08:06:04,598 INFO    com.simplilearn.Demo10.AppTest - {"familyId":"3","cost":"30","name":"Product021"}
2023-07-17 08:06:04,653 INFO    com.simplilearn.Demo10.AppTest - data saved and transaction over
2023-07-17 08:06:04,658 INFO    com.simplilearn.Demo10.AppTest - Created a restaurant Data
2023-07-17 08:06:04,658 INFO    com.simplilearn.Demo10.AppTest - {"familyId":"80","cost":"40","quantity":"2000","locationId":"7","name":"Product0009"}
2023-07-17 08:06:04,691 INFO    com.simplilearn.Demo10.AppTest - data saved and transaction over
2023-07-17 08:06:04,694 INFO    com.simplilearn.Demo10.AppTest - Update a  Information
2023-07-17 08:06:04,694 INFO    com.simplilearn.Demo10.AppTest - {"familyId":"5","cost":"30","quantity":"3000","locationId":"3","name":"Product0012"}
2023-07-17 08:09:12,309 INFO    com.simplilearn.Demo10.AppTest - Get AccessToken Information
2023-07-17 08:09:13,552 INFO    com.simplilearn.Demo10.AppTest - Delete a Records
2023-07-17 08:09:13,601 INFO    com.simplilearn.Demo10.AppTest - Get Restaurant Data
2023-07-17 08:09:13,619 INFO    com.simplilearn.Demo10.AppTest - data is checked and result published
2023-07-17 08:09:13,624 INFO    com.simplilearn.Demo10.AppTest - Rechange the Data
2023-07-17 08:09:13,645 INFO    com.simplilearn.Demo10.AppTest - {"familyId":"3","cost":"30","name":"Product021"}
2023-07-17 08:09:13,678 INFO    com.simplilearn.Demo10.AppTest - data saved and transaction over
2023-07-17 08:09:13,687 INFO    com.simplilearn.Demo10.AppTest - Created a restaurant Data
2023-07-17 08:09:13,688 INFO    com.simplilearn.Demo10.AppTest - {"familyId":"80","cost":"40","quantity":"2000","locationId":"7","name":"Product0009"}
2023-07-17 08:09:13,715 INFO    com.simplilearn.Demo10.AppTest - data saved and transaction over
2023-07-17 08:09:13,718 INFO    com.simplilearn.Demo10.AppTest - Update a  Information
2023-07-17 08:09:13,718 INFO    com.simplilearn.Demo10.AppTest - {"familyId":"5","cost":"30","quantity":"3000","locationId":"3","name":"Product0012"}
2023-07-17 08:09:13,735 INFO    com.simplilearn.Demo10.AppTest - data saved and transaction over
2023-08-05 08:45:22,944 INFO    com.simplilearn.Demo10.AppTest - Get AccessToken Information
2023-08-05 08:45:24,121 INFO    com.simplilearn.Demo10.AppTest - Delete a Records
2023-08-05 08:45:24,139 INFO    com.simplilearn.Demo10.AppTest - Get Restaurant Data
2023-08-05 08:45:24,154 INFO    com.simplilearn.Demo10.AppTest - Rechange the Data
2023-08-05 08:45:24,158 INFO    com.simplilearn.Demo10.AppTest - {"familyId":"3","cost":"30","name":"Product021"}
2023-08-05 08:45:24,193 INFO    com.simplilearn.Demo10.AppTest - Created a restaurant Data
2023-08-05 08:45:24,193 INFO    com.simplilearn.Demo10.AppTest - {"familyId":"80","cost":"40","quantity":"2000","locationId":"7","name":"Product0009"}
2023-08-05 08:45:24,211 INFO    com.simplilearn.Demo10.AppTest - Update a  Information
2023-08-05 08:45:24,211 INFO    com.simplilearn.Demo10.AppTest - {"familyId":"5","cost":"30","quantity":"3000","locationId":"3","name":"Product0012"}
